1740246451: mosquitto version 2.0.20 starting
1740246451: Config loaded from /mosquitto/config/mosquitto.conf.
1740246451: Opening ipv4 listen socket on port 1883.
1740246451: Opening ipv6 listen socket on port 1883.
1740246451: mosquitto version 2.0.20 running
1740246516: mosquitto version 2.0.20 terminating
1740246516: Saving in-memory database to /mosquitto/data//mosquitto.db.
1740246749: mosquitto version 2.0.20 starting
1740246749: Config loaded from /mosquitto/config/mosquitto.conf.
1740246749: Opening ipv4 listen socket on port 1883.
1740246749: Opening ipv6 listen socket on port 1883.
1740246749: mosquitto version 2.0.20 running
1740246794: mosquitto version 2.0.20 terminating
1740246794: Saving in-memory database to /mosquitto/data//mosquitto.db.
1740246895: mosquitto version 2.0.20 starting
1740246895: Config loaded from /mosquitto/config/mosquitto.conf.
1740246895: Opening ipv4 listen socket on port 1883.
1740246895: Opening ipv6 listen socket on port 1883.
1740246895: mosquitto version 2.0.20 running
1740246912: mosquitto version 2.0.20 terminating
1740246912: Saving in-memory database to /mosquitto/data//mosquitto.db.
1740246983: mosquitto version 2.0.20 starting
1740246983: Config loaded from /mosquitto/config/mosquitto.conf.
1740246983: Opening ipv4 listen socket on port 1883.
1740246983: Opening ipv6 listen socket on port 1883.
1740246983: mosquitto version 2.0.20 running
1740246990: mosquitto version 2.0.20 terminating
1740246990: Saving in-memory database to /mosquitto/data//mosquitto.db.
1740247027: mosquitto version 2.0.20 starting
1740247027: Config loaded from /mosquitto/config/mosquitto.conf.
1740247027: Opening ipv4 listen socket on port 1883.
1740247027: Opening ipv6 listen socket on port 1883.
1740247027: mosquitto version 2.0.20 running
1740247035: mosquitto version 2.0.20 terminating
1740247035: Saving in-memory database to /mosquitto/data//mosquitto.db.
1740247282: mosquitto version 2.0.20 starting
1740247282: Config loaded from /mosquitto/config/mosquitto.conf.
1740247282: Opening ipv4 listen socket on port 1883.
1740247282: Opening ipv6 listen socket on port 1883.
1740247282: mosquitto version 2.0.20 running
1740247388: New connection from 172.18.0.1:39833 on port 1883.
1740247388: New client connected from 172.18.0.1:39833 as mqtt-explorer-fae08d43 (p2, c1, k60).
1740247400: Client mqtt-explorer-fae08d43 disconnected.
